<?xml version="1.0" encoding="UTF-8"?>
<testng-results ignored="0" total="22" passed="20" failed="2" skipped="0">
  <reporter-output>
  </reporter-output>
  <suite started-at="2025-07-15T18:02:43 IST" name="Default suite" finished-at="2025-07-15T18:22:20 IST" duration-ms="1177809">
    <groups>
    </groups>
    <test started-at="2025-07-15T18:02:43 IST" name="Default test" finished-at="2025-07-15T18:22:20 IST" duration-ms="1177809">
      <class name="testCases.SDExecutorTestCase">
        <test-method is-config="true" signature="setBrowser()[pri:0, instance:testCases.SDExecutorTestCase@38afe297]" started-at="2025-07-15T18:02:43 IST" name="setBrowser" finished-at="2025-07-15T18:02:43 IST" duration-ms="743" status="PASS">
          <reporter-output>
          </reporter-output>
        </test-method> <!-- setBrowser -->
        <test-method is-config="true" signature="Login()[pri:0, instance:testCases.SDExecutorTestCase@38afe297]" started-at="2025-07-15T18:02:43 IST" name="Login" finished-at="2025-07-15T18:03:17 IST" duration-ms="33301" status="PASS">
          <reporter-output>
          </reporter-output>
        </test-method> <!-- Login -->
        <test-method signature="CountMatch()[pri:1, instance:testCases.SDExecutorTestCase@38afe297]" started-at="2025-07-15T18:03:17 IST" name="CountMatch" finished-at="2025-07-15T18:04:05 IST" duration-ms="48656" status="PASS">
          <reporter-output>
          </reporter-output>
        </test-method> <!-- CountMatch -->
        <test-method is-config="true" signature="close()[pri:0, instance:testCases.SDExecutorTestCase@38afe297]" started-at="2025-07-15T18:04:05 IST" name="close" finished-at="2025-07-15T18:04:06 IST" duration-ms="165" status="PASS">
          <reporter-output>
          </reporter-output>
        </test-method> <!-- close -->
        <test-method is-config="true" signature="Login()[pri:0, instance:testCases.SDExecutorTestCase@38afe297]" started-at="2025-07-15T18:04:06 IST" name="Login" finished-at="2025-07-15T18:04:26 IST" duration-ms="20686" status="PASS">
          <reporter-output>
          </reporter-output>
        </test-method> <!-- Login -->
        <test-method signature="PendingAction()[pri:2, instance:testCases.SDExecutorTestCase@38afe297]" started-at="2025-07-15T18:04:26 IST" name="PendingAction" finished-at="2025-07-15T18:05:14 IST" duration-ms="48070" status="PASS">
          <reporter-output>
          </reporter-output>
        </test-method> <!-- PendingAction -->
        <test-method is-config="true" signature="close()[pri:0, instance:testCases.SDExecutorTestCase@38afe297]" started-at="2025-07-15T18:05:14 IST" name="close" finished-at="2025-07-15T18:05:14 IST" duration-ms="143" status="PASS">
          <reporter-output>
          </reporter-output>
        </test-method> <!-- close -->
        <test-method is-config="true" signature="Login()[pri:0, instance:testCases.SDExecutorTestCase@38afe297]" started-at="2025-07-15T18:05:14 IST" name="Login" finished-at="2025-07-15T18:05:32 IST" duration-ms="17110" status="PASS">
          <reporter-output>
          </reporter-output>
        </test-method> <!-- Login -->
        <test-method signature="Overdue()[pri:3, instance:testCases.SDExecutorTestCase@38afe297]" started-at="2025-07-15T18:05:32 IST" name="Overdue" finished-at="2025-07-15T18:06:20 IST" duration-ms="48051" status="PASS">
          <reporter-output>
          </reporter-output>
        </test-method> <!-- Overdue -->
        <test-method is-config="true" signature="close()[pri:0, instance:testCases.SDExecutorTestCase@38afe297]" started-at="2025-07-15T18:06:20 IST" name="close" finished-at="2025-07-15T18:06:20 IST" duration-ms="137" status="PASS">
          <reporter-output>
          </reporter-output>
        </test-method> <!-- close -->
        <test-method is-config="true" signature="Login()[pri:0, instance:testCases.SDExecutorTestCase@38afe297]" started-at="2025-07-15T18:06:20 IST" name="Login" finished-at="2025-07-15T18:06:41 IST" duration-ms="21410" status="PASS">
          <reporter-output>
          </reporter-output>
        </test-method> <!-- Login -->
        <test-method signature="Closed()[pri:4, instance:testCases.SDExecutorTestCase@38afe297]" started-at="2025-07-15T18:06:41 IST" name="Closed" finished-at="2025-07-15T18:07:29 IST" duration-ms="48046" status="PASS">
          <reporter-output>
          </reporter-output>
        </test-method> <!-- Closed -->
        <test-method is-config="true" signature="close()[pri:0, instance:testCases.SDExecutorTestCase@38afe297]" started-at="2025-07-15T18:07:29 IST" name="close" finished-at="2025-07-15T18:07:29 IST" duration-ms="143" status="PASS">
          <reporter-output>
          </reporter-output>
        </test-method> <!-- close -->
        <test-method is-config="true" signature="Login()[pri:0, instance:testCases.SDExecutorTestCase@38afe297]" started-at="2025-07-15T18:07:29 IST" name="Login" finished-at="2025-07-15T18:07:52 IST" duration-ms="22906" status="PASS">
          <reporter-output>
          </reporter-output>
        </test-method> <!-- Login -->
        <test-method signature="NoticeExportBtn()[pri:5, instance:testCases.SDExecutorTestCase@38afe297]" started-at="2025-07-15T18:07:52 IST" name="NoticeExportBtn" finished-at="2025-07-15T18:08:15 IST" duration-ms="22688" status="PASS">
          <reporter-output>
          </reporter-output>
        </test-method> <!-- NoticeExportBtn -->
        <test-method is-config="true" signature="close()[pri:0, instance:testCases.SDExecutorTestCase@38afe297]" started-at="2025-07-15T18:08:15 IST" name="close" finished-at="2025-07-15T18:08:15 IST" duration-ms="160" status="PASS">
          <reporter-output>
          </reporter-output>
        </test-method> <!-- close -->
        <test-method is-config="true" signature="Login()[pri:0, instance:testCases.SDExecutorTestCase@38afe297]" started-at="2025-07-15T18:08:15 IST" name="Login" finished-at="2025-07-15T18:08:38 IST" duration-ms="23178" status="PASS">
          <reporter-output>
          </reporter-output>
        </test-method> <!-- Login -->
        <test-method signature="NoticeSearchBox()[pri:6, instance:testCases.SDExecutorTestCase@38afe297]" started-at="2025-07-15T18:08:38 IST" name="NoticeSearchBox" finished-at="2025-07-15T18:08:55 IST" duration-ms="16667" status="PASS">
          <reporter-output>
          </reporter-output>
        </test-method> <!-- NoticeSearchBox -->
        <test-method is-config="true" signature="close()[pri:0, instance:testCases.SDExecutorTestCase@38afe297]" started-at="2025-07-15T18:08:55 IST" name="close" finished-at="2025-07-15T18:08:55 IST" duration-ms="198" status="PASS">
          <reporter-output>
          </reporter-output>
        </test-method> <!-- close -->
        <test-method is-config="true" signature="Login()[pri:0, instance:testCases.SDExecutorTestCase@38afe297]" started-at="2025-07-15T18:08:55 IST" name="Login" finished-at="2025-07-15T18:09:15 IST" duration-ms="19635" status="PASS">
          <reporter-output>
          </reporter-output>
        </test-method> <!-- Login -->
        <test-method signature="NoticeEditDownload()[pri:7, instance:testCases.SDExecutorTestCase@38afe297]" started-at="2025-07-15T18:09:15 IST" name="NoticeEditDownload" finished-at="2025-07-15T18:09:40 IST" duration-ms="25325" status="PASS">
          <reporter-output>
          </reporter-output>
        </test-method> <!-- NoticeEditDownload -->
        <test-method is-config="true" signature="close()[pri:0, instance:testCases.SDExecutorTestCase@38afe297]" started-at="2025-07-15T18:09:40 IST" name="close" finished-at="2025-07-15T18:09:40 IST" duration-ms="170" status="PASS">
          <reporter-output>
          </reporter-output>
        </test-method> <!-- close -->
        <test-method is-config="true" signature="Login()[pri:0, instance:testCases.SDExecutorTestCase@38afe297]" started-at="2025-07-15T18:09:40 IST" name="Login" finished-at="2025-07-15T18:09:59 IST" duration-ms="18920" status="PASS">
          <reporter-output>
          </reporter-output>
        </test-method> <!-- Login -->
        <test-method signature="RegistrationCountMatch()[pri:8, instance:testCases.SDExecutorTestCase@38afe297]" started-at="2025-07-15T18:09:59 IST" name="RegistrationCountMatch" finished-at="2025-07-15T18:10:34 IST" duration-ms="34927" status="PASS">
          <reporter-output>
          </reporter-output>
        </test-method> <!-- RegistrationCountMatch -->
        <test-method is-config="true" signature="close()[pri:0, instance:testCases.SDExecutorTestCase@38afe297]" started-at="2025-07-15T18:10:34 IST" name="close" finished-at="2025-07-15T18:10:34 IST" duration-ms="123" status="PASS">
          <reporter-output>
          </reporter-output>
        </test-method> <!-- close -->
        <test-method is-config="true" signature="Login()[pri:0, instance:testCases.SDExecutorTestCase@38afe297]" started-at="2025-07-15T18:10:34 IST" name="Login" finished-at="2025-07-15T18:10:52 IST" duration-ms="17362" status="PASS">
          <reporter-output>
          </reporter-output>
        </test-method> <!-- Login -->
        <test-method signature="RegistrationPendingAction()[pri:9, instance:testCases.SDExecutorTestCase@38afe297]" started-at="2025-07-15T18:10:52 IST" name="RegistrationPendingAction" finished-at="2025-07-15T18:11:26 IST" duration-ms="34718" status="PASS">
          <reporter-output>
          </reporter-output>
        </test-method> <!-- RegistrationPendingAction -->
        <test-method is-config="true" signature="close()[pri:0, instance:testCases.SDExecutorTestCase@38afe297]" started-at="2025-07-15T18:11:26 IST" name="close" finished-at="2025-07-15T18:11:26 IST" duration-ms="125" status="PASS">
          <reporter-output>
          </reporter-output>
        </test-method> <!-- close -->
        <test-method is-config="true" signature="Login()[pri:0, instance:testCases.SDExecutorTestCase@38afe297]" started-at="2025-07-15T18:11:26 IST" name="Login" finished-at="2025-07-15T18:11:45 IST" duration-ms="18986" status="PASS">
          <reporter-output>
          </reporter-output>
        </test-method> <!-- Login -->
        <test-method signature="RegistrationOverdue()[pri:10, instance:testCases.SDExecutorTestCase@38afe297]" started-at="2025-07-15T18:11:45 IST" name="RegistrationOverdue" finished-at="2025-07-15T18:12:22 IST" duration-ms="36288" status="PASS">
          <reporter-output>
          </reporter-output>
        </test-method> <!-- RegistrationOverdue -->
        <test-method is-config="true" signature="close()[pri:0, instance:testCases.SDExecutorTestCase@38afe297]" started-at="2025-07-15T18:12:22 IST" name="close" finished-at="2025-07-15T18:12:22 IST" duration-ms="118" status="PASS">
          <reporter-output>
          </reporter-output>
        </test-method> <!-- close -->
        <test-method is-config="true" signature="Login()[pri:0, instance:testCases.SDExecutorTestCase@38afe297]" started-at="2025-07-15T18:12:22 IST" name="Login" finished-at="2025-07-15T18:12:40 IST" duration-ms="17993" status="PASS">
          <reporter-output>
          </reporter-output>
        </test-method> <!-- Login -->
        <test-method signature="RegistrationClosed()[pri:11, instance:testCases.SDExecutorTestCase@38afe297]" started-at="2025-07-15T18:12:40 IST" name="RegistrationClosed" finished-at="2025-07-15T18:13:14 IST" duration-ms="34222" status="PASS">
          <reporter-output>
          </reporter-output>
        </test-method> <!-- RegistrationClosed -->
        <test-method is-config="true" signature="close()[pri:0, instance:testCases.SDExecutorTestCase@38afe297]" started-at="2025-07-15T18:13:14 IST" name="close" finished-at="2025-07-15T18:13:14 IST" duration-ms="119" status="PASS">
          <reporter-output>
          </reporter-output>
        </test-method> <!-- close -->
        <test-method is-config="true" signature="Login()[pri:0, instance:testCases.SDExecutorTestCase@38afe297]" started-at="2025-07-15T18:13:14 IST" name="Login" finished-at="2025-07-15T18:13:34 IST" duration-ms="20055" status="PASS">
          <reporter-output>
          </reporter-output>
        </test-method> <!-- Login -->
        <test-method signature="ExportBtn()[pri:12, instance:testCases.SDExecutorTestCase@38afe297]" started-at="2025-07-15T18:13:34 IST" name="ExportBtn" finished-at="2025-07-15T18:14:01 IST" duration-ms="26294" status="PASS">
          <reporter-output>
          </reporter-output>
        </test-method> <!-- ExportBtn -->
        <test-method is-config="true" signature="close()[pri:0, instance:testCases.SDExecutorTestCase@38afe297]" started-at="2025-07-15T18:14:01 IST" name="close" finished-at="2025-07-15T18:14:01 IST" duration-ms="129" status="PASS">
          <reporter-output>
          </reporter-output>
        </test-method> <!-- close -->
        <test-method is-config="true" signature="Login()[pri:0, instance:testCases.SDExecutorTestCase@38afe297]" started-at="2025-07-15T18:14:01 IST" name="Login" finished-at="2025-07-15T18:14:24 IST" duration-ms="23406" status="PASS">
          <reporter-output>
          </reporter-output>
        </test-method> <!-- Login -->
        <test-method signature="SearchBox()[pri:13, instance:testCases.SDExecutorTestCase@38afe297]" started-at="2025-07-15T18:14:24 IST" name="SearchBox" finished-at="2025-07-15T18:14:45 IST" duration-ms="20981" status="PASS">
          <reporter-output>
          </reporter-output>
        </test-method> <!-- SearchBox -->
        <test-method is-config="true" signature="close()[pri:0, instance:testCases.SDExecutorTestCase@38afe297]" started-at="2025-07-15T18:14:45 IST" name="close" finished-at="2025-07-15T18:14:45 IST" duration-ms="145" status="PASS">
          <reporter-output>
          </reporter-output>
        </test-method> <!-- close -->
        <test-method is-config="true" signature="Login()[pri:0, instance:testCases.SDExecutorTestCase@38afe297]" started-at="2025-07-15T18:14:45 IST" name="Login" finished-at="2025-07-15T18:15:07 IST" duration-ms="21382" status="PASS">
          <reporter-output>
          </reporter-output>
        </test-method> <!-- Login -->
        <test-method signature="EditIcon()[pri:14, instance:testCases.SDExecutorTestCase@38afe297]" started-at="2025-07-15T18:15:07 IST" name="EditIcon" finished-at="2025-07-15T18:15:20 IST" duration-ms="13339" status="PASS">
          <reporter-output>
          </reporter-output>
        </test-method> <!-- EditIcon -->
        <test-method is-config="true" signature="close()[pri:0, instance:testCases.SDExecutorTestCase@38afe297]" started-at="2025-07-15T18:15:20 IST" name="close" finished-at="2025-07-15T18:15:20 IST" duration-ms="153" status="PASS">
          <reporter-output>
          </reporter-output>
        </test-method> <!-- close -->
        <test-method is-config="true" signature="Login()[pri:0, instance:testCases.SDExecutorTestCase@38afe297]" started-at="2025-07-15T18:15:20 IST" name="Login" finished-at="2025-07-15T18:15:46 IST" duration-ms="25623" status="PASS">
          <reporter-output>
          </reporter-output>
        </test-method> <!-- Login -->
        <test-method signature="ExistingLicenseCountMatch()[pri:21, instance:testCases.SDExecutorTestCase@38afe297]" started-at="2025-07-15T18:15:46 IST" name="ExistingLicenseCountMatch" finished-at="2025-07-15T18:16:02 IST" duration-ms="16794" status="PASS">
          <reporter-output>
          </reporter-output>
        </test-method> <!-- ExistingLicenseCountMatch -->
        <test-method is-config="true" signature="close()[pri:0, instance:testCases.SDExecutorTestCase@38afe297]" started-at="2025-07-15T18:16:02 IST" name="close" finished-at="2025-07-15T18:16:03 IST" duration-ms="149" status="PASS">
          <reporter-output>
          </reporter-output>
        </test-method> <!-- close -->
        <test-method is-config="true" signature="Login()[pri:0, instance:testCases.SDExecutorTestCase@38afe297]" started-at="2025-07-15T18:16:03 IST" name="Login" finished-at="2025-07-15T18:16:26 IST" duration-ms="23645" status="PASS">
          <reporter-output>
          </reporter-output>
        </test-method> <!-- Login -->
        <test-method signature="ExistingLicenseendingAction()[pri:22, instance:testCases.SDExecutorTestCase@38afe297]" started-at="2025-07-15T18:16:26 IST" name="ExistingLicenseendingAction" finished-at="2025-07-15T18:16:43 IST" duration-ms="16812" status="PASS">
          <reporter-output>
          </reporter-output>
        </test-method> <!-- ExistingLicenseendingAction -->
        <test-method is-config="true" signature="close()[pri:0, instance:testCases.SDExecutorTestCase@38afe297]" started-at="2025-07-15T18:16:43 IST" name="close" finished-at="2025-07-15T18:16:43 IST" duration-ms="144" status="PASS">
          <reporter-output>
          </reporter-output>
        </test-method> <!-- close -->
        <test-method is-config="true" signature="Login()[pri:0, instance:testCases.SDExecutorTestCase@38afe297]" started-at="2025-07-15T18:16:43 IST" name="Login" finished-at="2025-07-15T18:17:02 IST" duration-ms="18825" status="PASS">
          <reporter-output>
          </reporter-output>
        </test-method> <!-- Login -->
        <test-method signature="ExistingLicenseOverdue()[pri:23, instance:testCases.SDExecutorTestCase@38afe297]" started-at="2025-07-15T18:17:02 IST" name="ExistingLicenseOverdue" finished-at="2025-07-15T18:17:19 IST" duration-ms="17354" status="PASS">
          <reporter-output>
          </reporter-output>
        </test-method> <!-- ExistingLicenseOverdue -->
        <test-method is-config="true" signature="close()[pri:0, instance:testCases.SDExecutorTestCase@38afe297]" started-at="2025-07-15T18:17:19 IST" name="close" finished-at="2025-07-15T18:17:20 IST" duration-ms="111" status="PASS">
          <reporter-output>
          </reporter-output>
        </test-method> <!-- close -->
        <test-method is-config="true" signature="Login()[pri:0, instance:testCases.SDExecutorTestCase@38afe297]" started-at="2025-07-15T18:17:20 IST" name="Login" finished-at="2025-07-15T18:17:40 IST" duration-ms="20400" status="PASS">
          <reporter-output>
          </reporter-output>
        </test-method> <!-- Login -->
        <test-method signature="ExistingLicenseClosed()[pri:24, instance:testCases.SDExecutorTestCase@38afe297]" started-at="2025-07-15T18:17:40 IST" name="ExistingLicenseClosed" finished-at="2025-07-15T18:17:57 IST" duration-ms="17591" status="PASS">
          <reporter-output>
          </reporter-output>
        </test-method> <!-- ExistingLicenseClosed -->
        <test-method is-config="true" signature="close()[pri:0, instance:testCases.SDExecutorTestCase@38afe297]" started-at="2025-07-15T18:17:57 IST" name="close" finished-at="2025-07-15T18:17:58 IST" duration-ms="113" status="PASS">
          <reporter-output>
          </reporter-output>
        </test-method> <!-- close -->
        <test-method is-config="true" signature="Login()[pri:0, instance:testCases.SDExecutorTestCase@38afe297]" started-at="2025-07-15T18:17:58 IST" name="Login" finished-at="2025-07-15T18:18:19 IST" duration-ms="20985" status="PASS">
          <reporter-output>
          </reporter-output>
        </test-method> <!-- Login -->
        <test-method signature="ExsitingLicenseExport()[pri:25, instance:testCases.SDExecutorTestCase@38afe297]" started-at="2025-07-15T18:18:19 IST" name="ExsitingLicenseExport" finished-at="2025-07-15T18:18:50 IST" duration-ms="31148" status="PASS">
          <reporter-output>
          </reporter-output>
        </test-method> <!-- ExsitingLicenseExport -->
        <test-method is-config="true" signature="close()[pri:0, instance:testCases.SDExecutorTestCase@38afe297]" started-at="2025-07-15T18:18:50 IST" name="close" finished-at="2025-07-15T18:18:50 IST" duration-ms="159" status="PASS">
          <reporter-output>
          </reporter-output>
        </test-method> <!-- close -->
        <test-method is-config="true" signature="Login()[pri:0, instance:testCases.SDExecutorTestCase@38afe297]" started-at="2025-07-15T18:18:50 IST" name="Login" finished-at="2025-07-15T18:19:15 IST" duration-ms="24776" status="PASS">
          <reporter-output>
          </reporter-output>
        </test-method> <!-- Login -->
        <test-method signature="SearchBoxExistiongLicense()[pri:26, instance:testCases.SDExecutorTestCase@38afe297]" started-at="2025-07-15T18:19:15 IST" name="SearchBoxExistiongLicense" finished-at="2025-07-15T18:20:08 IST" duration-ms="52948" status="PASS">
          <reporter-output>
          </reporter-output>
        </test-method> <!-- SearchBoxExistiongLicense -->
        <test-method is-config="true" signature="close()[pri:0, instance:testCases.SDExecutorTestCase@38afe297]" started-at="2025-07-15T18:20:08 IST" name="close" finished-at="2025-07-15T18:20:08 IST" duration-ms="130" status="PASS">
          <reporter-output>
          </reporter-output>
        </test-method> <!-- close -->
        <test-method is-config="true" signature="Login()[pri:0, instance:testCases.SDExecutorTestCase@38afe297]" started-at="2025-07-15T18:20:08 IST" name="Login" finished-at="2025-07-15T18:20:30 IST" duration-ms="21808" status="PASS">
          <reporter-output>
          </reporter-output>
        </test-method> <!-- Login -->
        <test-method signature="ExistingLicenseViewIcon()[pri:27, instance:testCases.SDExecutorTestCase@38afe297]" started-at="2025-07-15T18:20:30 IST" name="ExistingLicenseViewIcon" finished-at="2025-07-15T18:21:15 IST" duration-ms="45539" status="FAIL">
          <exception class="org.openqa.selenium.NoSuchElementException">
            <message>
              <![CDATA[no such element: Unable to locate element: {"method":"xpath","selector":"//*[@class='k-window-title k-dialog-title']"}
  (Session info: chrome=138.0.7204.101)
For documentation on this error, please visit: http://seleniumhq.org/exceptions/no_such_element.html
Build info: version: '3.141.0', revision: '2ecb7d9a', time: '2018-10-31T20:09:30'
System info: host: 'TRPL-PUN-0268', ip: '192.168.1.6', os.name: 'Windows 11', os.arch: 'amd64', os.version: '10.0', java.version: '23.0.1'
Driver info: org.openqa.selenium.chrome.ChromeDriver
Capabilities {acceptInsecureCerts: false, browserName: chrome, browserVersion: 138.0.7204.101, chrome: {chromedriverVersion: 138.0.7204.92 (f079b9bc781e..., userDataDir: C:\Users\bilali\AppData\Loc...}, fedcm:accounts: true, goog:chromeOptions: {debuggerAddress: localhost:60221}, javascriptEnabled: true, networkConnectionEnabled: false, pageLoadStrategy: normal, platform: WINDOWS, platformName: WINDOWS, proxy: Proxy(), setWindowRect: true, strictFileInteractability: false, timeouts: {implicit: 0, pageLoad: 300000, script: 30000}, unhandledPromptBehavior: dismiss and notify, webauthn:extension:credBlob: true, webauthn:extension:largeBlob: true, webauthn:extension:minPinLength: true, webauthn:extension:prf: true, webauthn:virtualAuthenticators: true}
Session ID: a2763f3786579263721f596344979a20
*** Element info: {Using=xpath, value=//*[@class='k-window-title k-dialog-title']}]]>
            </message>
            <full-stacktrace>
              <![CDATA[org.openqa.selenium.NoSuchElementException: no such element: Unable to locate element: {"method":"xpath","selector":"//*[@class='k-window-title k-dialog-title']"}
  (Session info: chrome=138.0.7204.101)
For documentation on this error, please visit: http://seleniumhq.org/exceptions/no_such_element.html
Build info: version: '3.141.0', revision: '2ecb7d9a', time: '2018-10-31T20:09:30'
System info: host: 'TRPL-PUN-0268', ip: '192.168.1.6', os.name: 'Windows 11', os.arch: 'amd64', os.version: '10.0', java.version: '23.0.1'
Driver info: org.openqa.selenium.chrome.ChromeDriver
Capabilities {acceptInsecureCerts: false, browserName: chrome, browserVersion: 138.0.7204.101, chrome: {chromedriverVersion: 138.0.7204.92 (f079b9bc781e..., userDataDir: C:\Users\bilali\AppData\Loc...}, fedcm:accounts: true, goog:chromeOptions: {debuggerAddress: localhost:60221}, javascriptEnabled: true, networkConnectionEnabled: false, pageLoadStrategy: normal, platform: WINDOWS, platformName: WINDOWS, proxy: Proxy(), setWindowRect: true, strictFileInteractability: false, timeouts: {implicit: 0, pageLoad: 300000, script: 30000}, unhandledPromptBehavior: dismiss and notify, webauthn:extension:credBlob: true, webauthn:extension:largeBlob: true, webauthn:extension:minPinLength: true, webauthn:extension:prf: true, webauthn:virtualAuthenticators: true}
Session ID: a2763f3786579263721f596344979a20
*** Element info: {Using=xpath, value=//*[@class='k-window-title k-dialog-title']}
at java.base/jdk.internal.reflect.DirectConstructorHandleAccessor.newInstance(DirectConstructorHandleAccessor.java:62)
at java.base/java.lang.reflect.Constructor.newInstanceWithCaller(Constructor.java:501)
at java.base/java.lang.reflect.Constructor.newInstance(Constructor.java:485)
at org.openqa.selenium.remote.http.W3CHttpResponseCodec.createException(W3CHttpResponseCodec.java:187)
at org.openqa.selenium.remote.http.W3CHttpResponseCodec.decode(W3CHttpResponseCodec.java:122)
at org.openqa.selenium.remote.http.W3CHttpResponseCodec.decode(W3CHttpResponseCodec.java:49)
at org.openqa.selenium.remote.HttpCommandExecutor.execute(HttpCommandExecutor.java:158)
at org.openqa.selenium.remote.service.DriverCommandExecutor.execute(DriverCommandExecutor.java:83)
at org.openqa.selenium.remote.RemoteWebDriver.execute(RemoteWebDriver.java:552)
at org.openqa.selenium.remote.RemoteWebDriver.findElement(RemoteWebDriver.java:323)
at org.openqa.selenium.remote.RemoteWebDriver.findElementByXPath(RemoteWebDriver.java:428)
at org.openqa.selenium.By$ByXPath.findElement(By.java:353)
at org.openqa.selenium.remote.RemoteWebDriver.findElement(RemoteWebDriver.java:315)
at sdexecutor.Locator.ExistingLicesneDetailes(Locator.java:163)
at sdexecutor.Method.ExistingLicenseViewIcon(Method.java:1066)
at testCases.SDExecutorTestCase.ExistingLicenseViewIcon(SDExecutorTestCase.java:336)
at java.base/jdk.internal.reflect.DirectMethodHandleAccessor.invoke(DirectMethodHandleAccessor.java:103)
at java.base/java.lang.reflect.Method.invoke(Method.java:580)
at org.testng.internal.invokers.MethodInvocationHelper.invokeMethod(MethodInvocationHelper.java:139)
at org.testng.internal.invokers.TestInvoker.invokeMethod(TestInvoker.java:677)
at org.testng.internal.invokers.TestInvoker.invokeTestMethod(TestInvoker.java:221)
at org.testng.internal.invokers.MethodRunner.runInSequence(MethodRunner.java:50)
at org.testng.internal.invokers.TestInvoker$MethodInvocationAgent.invoke(TestInvoker.java:969)
at org.testng.internal.invokers.TestInvoker.invokeTestMethods(TestInvoker.java:194)
at org.testng.internal.invokers.TestMethodWorker.invokeTestMethods(TestMethodWorker.java:148)
at org.testng.internal.invokers.TestMethodWorker.run(TestMethodWorker.java:128)
at java.base/java.util.ArrayList.forEach(ArrayList.java:1597)
at org.testng.TestRunner.privateRun(TestRunner.java:829)
at org.testng.TestRunner.run(TestRunner.java:602)
at org.testng.SuiteRunner.runTest(SuiteRunner.java:437)
at org.testng.SuiteRunner.runSequentially(SuiteRunner.java:431)
at org.testng.SuiteRunner.privateRun(SuiteRunner.java:391)
at org.testng.SuiteRunner.run(SuiteRunner.java:330)
at org.testng.SuiteRunnerWorker.runSuite(SuiteRunnerWorker.java:52)
at org.testng.SuiteRunnerWorker.run(SuiteRunnerWorker.java:95)
at org.testng.TestNG.runSuitesSequentially(TestNG.java:1256)
at org.testng.TestNG.runSuitesLocally(TestNG.java:1176)
at org.testng.TestNG.runSuites(TestNG.java:1099)
at org.testng.TestNG.run(TestNG.java:1067)
at org.testng.remote.AbstractRemoteTestNG.run(AbstractRemoteTestNG.java:115)
at org.testng.remote.RemoteTestNG.initAndRun(RemoteTestNG.java:293)
at org.testng.remote.RemoteTestNG.main(RemoteTestNG.java:91)
]]>
            </full-stacktrace>
          </exception> <!-- org.openqa.selenium.NoSuchElementException -->
          <reporter-output>
          </reporter-output>
        </test-method> <!-- ExistingLicenseViewIcon -->
        <test-method is-config="true" signature="close()[pri:0, instance:testCases.SDExecutorTestCase@38afe297]" started-at="2025-07-15T18:21:15 IST" name="close" finished-at="2025-07-15T18:21:15 IST" duration-ms="126" status="PASS">
          <reporter-output>
          </reporter-output>
        </test-method> <!-- close -->
        <test-method is-config="true" signature="Login()[pri:0, instance:testCases.SDExecutorTestCase@38afe297]" started-at="2025-07-15T18:21:15 IST" name="Login" finished-at="2025-07-15T18:21:33 IST" duration-ms="17633" status="PASS">
          <reporter-output>
          </reporter-output>
        </test-method> <!-- Login -->
        <test-method signature="ExistingLicenseDownload()[pri:28, instance:testCases.SDExecutorTestCase@38afe297]" started-at="2025-07-15T18:21:33 IST" name="ExistingLicenseDownload" finished-at="2025-07-15T18:22:20 IST" duration-ms="47371" status="FAIL">
          <exception class="org.openqa.selenium.NoSuchElementException">
            <message>
              <![CDATA[no such element: Unable to locate element: {"method":"xpath","selector":"/html/body/app-root/div/app-layout/section/div/div/app-existing-registration-license/div[4]/kendo-loader/div/span[1]"}
  (Session info: chrome=138.0.7204.101)
For documentation on this error, please visit: http://seleniumhq.org/exceptions/no_such_element.html
Build info: version: '3.141.0', revision: '2ecb7d9a', time: '2018-10-31T20:09:30'
System info: host: 'TRPL-PUN-0268', ip: '192.168.1.6', os.name: 'Windows 11', os.arch: 'amd64', os.version: '10.0', java.version: '23.0.1'
Driver info: org.openqa.selenium.chrome.ChromeDriver
Capabilities {acceptInsecureCerts: false, browserName: chrome, browserVersion: 138.0.7204.101, chrome: {chromedriverVersion: 138.0.7204.92 (f079b9bc781e..., userDataDir: C:\Users\bilali\AppData\Loc...}, fedcm:accounts: true, goog:chromeOptions: {debuggerAddress: localhost:60272}, javascriptEnabled: true, networkConnectionEnabled: false, pageLoadStrategy: normal, platform: WINDOWS, platformName: WINDOWS, proxy: Proxy(), setWindowRect: true, strictFileInteractability: false, timeouts: {implicit: 0, pageLoad: 300000, script: 30000}, unhandledPromptBehavior: dismiss and notify, webauthn:extension:credBlob: true, webauthn:extension:largeBlob: true, webauthn:extension:minPinLength: true, webauthn:extension:prf: true, webauthn:virtualAuthenticators: true}
Session ID: 1249aafdf03d7203640d80cd0d6392bc
*** Element info: {Using=xpath, value=/html/body/app-root/div/app-layout/section/div/div/app-existing-registration-license/div[4]/kendo-loader/div/span[1]}]]>
            </message>
            <full-stacktrace>
              <![CDATA[org.openqa.selenium.NoSuchElementException: no such element: Unable to locate element: {"method":"xpath","selector":"/html/body/app-root/div/app-layout/section/div/div/app-existing-registration-license/div[4]/kendo-loader/div/span[1]"}
  (Session info: chrome=138.0.7204.101)
For documentation on this error, please visit: http://seleniumhq.org/exceptions/no_such_element.html
Build info: version: '3.141.0', revision: '2ecb7d9a', time: '2018-10-31T20:09:30'
System info: host: 'TRPL-PUN-0268', ip: '192.168.1.6', os.name: 'Windows 11', os.arch: 'amd64', os.version: '10.0', java.version: '23.0.1'
Driver info: org.openqa.selenium.chrome.ChromeDriver
Capabilities {acceptInsecureCerts: false, browserName: chrome, browserVersion: 138.0.7204.101, chrome: {chromedriverVersion: 138.0.7204.92 (f079b9bc781e..., userDataDir: C:\Users\bilali\AppData\Loc...}, fedcm:accounts: true, goog:chromeOptions: {debuggerAddress: localhost:60272}, javascriptEnabled: true, networkConnectionEnabled: false, pageLoadStrategy: normal, platform: WINDOWS, platformName: WINDOWS, proxy: Proxy(), setWindowRect: true, strictFileInteractability: false, timeouts: {implicit: 0, pageLoad: 300000, script: 30000}, unhandledPromptBehavior: dismiss and notify, webauthn:extension:credBlob: true, webauthn:extension:largeBlob: true, webauthn:extension:minPinLength: true, webauthn:extension:prf: true, webauthn:virtualAuthenticators: true}
Session ID: 1249aafdf03d7203640d80cd0d6392bc
*** Element info: {Using=xpath, value=/html/body/app-root/div/app-layout/section/div/div/app-existing-registration-license/div[4]/kendo-loader/div/span[1]}
at java.base/jdk.internal.reflect.DirectConstructorHandleAccessor.newInstance(DirectConstructorHandleAccessor.java:62)
at java.base/java.lang.reflect.Constructor.newInstanceWithCaller(Constructor.java:501)
at java.base/java.lang.reflect.Constructor.newInstance(Constructor.java:485)
at org.openqa.selenium.remote.http.W3CHttpResponseCodec.createException(W3CHttpResponseCodec.java:187)
at org.openqa.selenium.remote.http.W3CHttpResponseCodec.decode(W3CHttpResponseCodec.java:122)
at org.openqa.selenium.remote.http.W3CHttpResponseCodec.decode(W3CHttpResponseCodec.java:49)
at org.openqa.selenium.remote.HttpCommandExecutor.execute(HttpCommandExecutor.java:158)
at org.openqa.selenium.remote.service.DriverCommandExecutor.execute(DriverCommandExecutor.java:83)
at org.openqa.selenium.remote.RemoteWebDriver.execute(RemoteWebDriver.java:552)
at org.openqa.selenium.remote.RemoteWebDriver.findElement(RemoteWebDriver.java:323)
at org.openqa.selenium.remote.RemoteWebDriver.findElementByXPath(RemoteWebDriver.java:428)
at org.openqa.selenium.By$ByXPath.findElement(By.java:353)
at org.openqa.selenium.remote.RemoteWebDriver.findElement(RemoteWebDriver.java:315)
at sdexecutor.Locator.gridLoad(Locator.java:203)
at sdexecutor.Method.ExistingLicenseDownload(Method.java:1111)
at testCases.SDExecutorTestCase.ExistingLicenseDownload(SDExecutorTestCase.java:349)
at java.base/jdk.internal.reflect.DirectMethodHandleAccessor.invoke(DirectMethodHandleAccessor.java:103)
at java.base/java.lang.reflect.Method.invoke(Method.java:580)
at org.testng.internal.invokers.MethodInvocationHelper.invokeMethod(MethodInvocationHelper.java:139)
at org.testng.internal.invokers.TestInvoker.invokeMethod(TestInvoker.java:677)
at org.testng.internal.invokers.TestInvoker.invokeTestMethod(TestInvoker.java:221)
at org.testng.internal.invokers.MethodRunner.runInSequence(MethodRunner.java:50)
at org.testng.internal.invokers.TestInvoker$MethodInvocationAgent.invoke(TestInvoker.java:969)
at org.testng.internal.invokers.TestInvoker.invokeTestMethods(TestInvoker.java:194)
at org.testng.internal.invokers.TestMethodWorker.invokeTestMethods(TestMethodWorker.java:148)
at org.testng.internal.invokers.TestMethodWorker.run(TestMethodWorker.java:128)
at java.base/java.util.ArrayList.forEach(ArrayList.java:1597)
at org.testng.TestRunner.privateRun(TestRunner.java:829)
at org.testng.TestRunner.run(TestRunner.java:602)
at org.testng.SuiteRunner.runTest(SuiteRunner.java:437)
at org.testng.SuiteRunner.runSequentially(SuiteRunner.java:431)
at org.testng.SuiteRunner.privateRun(SuiteRunner.java:391)
at org.testng.SuiteRunner.run(SuiteRunner.java:330)
at org.testng.SuiteRunnerWorker.runSuite(SuiteRunnerWorker.java:52)
at org.testng.SuiteRunnerWorker.run(SuiteRunnerWorker.java:95)
at org.testng.TestNG.runSuitesSequentially(TestNG.java:1256)
at org.testng.TestNG.runSuitesLocally(TestNG.java:1176)
at org.testng.TestNG.runSuites(TestNG.java:1099)
at org.testng.TestNG.run(TestNG.java:1067)
at org.testng.remote.AbstractRemoteTestNG.run(AbstractRemoteTestNG.java:115)
at org.testng.remote.RemoteTestNG.initAndRun(RemoteTestNG.java:293)
at org.testng.remote.RemoteTestNG.main(RemoteTestNG.java:91)
]]>
            </full-stacktrace>
          </exception> <!-- org.openqa.selenium.NoSuchElementException -->
          <reporter-output>
          </reporter-output>
        </test-method> <!-- ExistingLicenseDownload -->
        <test-method is-config="true" signature="close()[pri:0, instance:testCases.SDExecutorTestCase@38afe297]" started-at="2025-07-15T18:22:20 IST" name="close" finished-at="2025-07-15T18:22:20 IST" duration-ms="134" status="PASS">
          <reporter-output>
          </reporter-output>
        </test-method> <!-- close -->
      </class> <!-- testCases.SDExecutorTestCase -->
    </test> <!-- Default test -->
  </suite> <!-- Default suite -->
</testng-results>
