<?xml version="1.0" encoding="UTF-8"?>
<!-- Generated by org.testng.reporters.JUnitReportReporter -->
<testsuite hostname="TRPL-PUN-0268" failures="0" tests="21" name="testCases.RCPTestCase" time="1031.335" errors="1" timestamp="2025-07-19T23:10:49 IST" skipped="0">
  <testcase classname="testCases.RCPTestCase" name="RCPLogo" time="39.017"/>
  <system-out/>
  <testcase classname="testCases.RCPTestCase" name="RCPcolumnExpandIcon" time="52.933"/>
  <system-out/>
  <testcase classname="testCases.RCPTestCase" name="RegistrationCountMatch" time="37.665"/>
  <system-out/>
  <testcase classname="testCases.RCPTestCase" name="RegistrationPendingApplicationExport" time="59.722"/>
  <system-out/>
  <testcase classname="testCases.RCPTestCase" name="RegistrationPendingAction" time="44.691"/>
  <system-out/>
  <testcase classname="testCases.RCPTestCase" name="RegistrationAppliedAwatingDeptExport" time="56.994"/>
  <system-out/>
  <testcase classname="testCases.RCPTestCase" name="RegistrationOverdue" time="40.412"/>
  <system-out/>
  <testcase classname="testCases.RCPTestCase" name="RegistrationOverdueExport" time="67.933"/>
  <system-out/>
  <testcase classname="testCases.RCPTestCase" name="RegistrationClosed" time="43.602"/>
  <system-out/>
  <testcase classname="testCases.RCPTestCase" name="RegistrationClosedExport" time="82.500"/>
  <system-out/>
  <testcase classname="testCases.RCPTestCase" name="ExportBtn" time="53.197"/>
  <system-out/>
  <testcase classname="testCases.RCPTestCase" name="SearchBox" time="46.826"/>
  <system-out/>
  <testcase classname="testCases.RCPTestCase" name="EditIcon" time="40.239"/>
  <system-out/>
  <testcase classname="testCases.RCPTestCase" name="ExistingLicenseCountMatch" time="45.551"/>
  <system-out/>
  <testcase classname="testCases.RCPTestCase" name="ExistingLicenseendingAction" time="42.505"/>
  <system-out/>
  <testcase classname="testCases.RCPTestCase" name="ExistingLicenseOverdue" time="39.410"/>
  <system-out/>
  <testcase classname="testCases.RCPTestCase" name="ExistingLicenseClosed" time="43.283"/>
  <system-out/>
  <testcase classname="testCases.RCPTestCase" name="ExsitingLicenseExport" time="54.680"/>
  <system-out/>
  <testcase classname="testCases.RCPTestCase" name="SearchBoxExistiongLicense" time="47.730"/>
  <system-out/>
  <testcase classname="testCases.RCPTestCase" name="ExistingLicenseViewIcon" time="39.289">
    <error message="element click intercepted: Element is not clickable at point (757, 618)
  (Session info: chrome=138.0.7204.101)
Build info: version: &#039;3.141.0&#039;, revision: &#039;2ecb7d9a&#039;, time: &#039;2018-10-31T20:09:30&#039;
System info: host: &#039;TRPL-PUN-0268&#039;, ip: &#039;192.168.1.6&#039;, os.name: &#039;Windows 11&#039;, os.arch: &#039;amd64&#039;, os.version: &#039;10.0&#039;, java.version: &#039;23.0.1&#039;
Driver info: org.openqa.selenium.chrome.ChromeDriver
Capabilities {acceptInsecureCerts: false, browserName: chrome, browserVersion: 138.0.7204.101, chrome: {chromedriverVersion: 138.0.7204.92 (f079b9bc781e..., userDataDir: C:\Users\bilali\AppData\Loc...}, fedcm:accounts: true, goog:chromeOptions: {debuggerAddress: localhost:65349}, javascriptEnabled: true, networkConnectionEnabled: false, pageLoadStrategy: normal, platform: WINDOWS, platformName: WINDOWS, proxy: Proxy(), setWindowRect: true, strictFileInteractability: false, timeouts: {implicit: 0, pageLoad: 300000, script: 30000}, unhandledPromptBehavior: dismiss and notify, webauthn:extension:credBlob: true, webauthn:extension:largeBlob: true, webauthn:extension:minPinLength: true, webauthn:extension:prf: true, webauthn:virtualAuthenticators: true}
Session ID: 3ab4b3be1eb82ff648a3047dca8939ba" type="org.openqa.selenium.ElementClickInterceptedException">
      <![CDATA[org.openqa.selenium.ElementClickInterceptedException: element click intercepted: Element is not clickable at point (757, 618)
  (Session info: chrome=138.0.7204.101)
Build info: version: '3.141.0', revision: '2ecb7d9a', time: '2018-10-31T20:09:30'
System info: host: 'TRPL-PUN-0268', ip: '192.168.1.6', os.name: 'Windows 11', os.arch: 'amd64', os.version: '10.0', java.version: '23.0.1'
Driver info: org.openqa.selenium.chrome.ChromeDriver
Capabilities {acceptInsecureCerts: false, browserName: chrome, browserVersion: 138.0.7204.101, chrome: {chromedriverVersion: 138.0.7204.92 (f079b9bc781e..., userDataDir: C:\Users\bilali\AppData\Loc...}, fedcm:accounts: true, goog:chromeOptions: {debuggerAddress: localhost:65349}, javascriptEnabled: true, networkConnectionEnabled: false, pageLoadStrategy: normal, platform: WINDOWS, platformName: WINDOWS, proxy: Proxy(), setWindowRect: true, strictFileInteractability: false, timeouts: {implicit: 0, pageLoad: 300000, script: 30000}, unhandledPromptBehavior: dismiss and notify, webauthn:extension:credBlob: true, webauthn:extension:largeBlob: true, webauthn:extension:minPinLength: true, webauthn:extension:prf: true, webauthn:virtualAuthenticators: true}
Session ID: 3ab4b3be1eb82ff648a3047dca8939ba
at java.base/jdk.internal.reflect.DirectConstructorHandleAccessor.newInstance(DirectConstructorHandleAccessor.java:62)
at java.base/java.lang.reflect.Constructor.newInstanceWithCaller(Constructor.java:501)
at java.base/java.lang.reflect.Constructor.newInstance(Constructor.java:485)
at org.openqa.selenium.remote.http.W3CHttpResponseCodec.createException(W3CHttpResponseCodec.java:187)
at org.openqa.selenium.remote.http.W3CHttpResponseCodec.decode(W3CHttpResponseCodec.java:122)
at org.openqa.selenium.remote.http.W3CHttpResponseCodec.decode(W3CHttpResponseCodec.java:49)
at org.openqa.selenium.remote.HttpCommandExecutor.execute(HttpCommandExecutor.java:158)
at org.openqa.selenium.remote.service.DriverCommandExecutor.execute(DriverCommandExecutor.java:83)
at org.openqa.selenium.remote.RemoteWebDriver.execute(RemoteWebDriver.java:552)
at org.openqa.selenium.remote.RemoteWebElement.execute(RemoteWebElement.java:285)
at org.openqa.selenium.remote.RemoteWebElement.click(RemoteWebElement.java:84)
at rcp.RCPMethod.ExistingLicenseViewIcon(RCPMethod.java:1204)
at testCases.RCPTestCase.ExistingLicenseViewIcon(RCPTestCase.java:334)
at java.base/jdk.internal.reflect.DirectMethodHandleAccessor.invoke(DirectMethodHandleAccessor.java:103)
at java.base/java.lang.reflect.Method.invoke(Method.java:580)
at org.testng.internal.invokers.MethodInvocationHelper.invokeMethod(MethodInvocationHelper.java:139)
at org.testng.internal.invokers.TestInvoker.invokeMethod(TestInvoker.java:677)
at org.testng.internal.invokers.TestInvoker.invokeTestMethod(TestInvoker.java:221)
at org.testng.internal.invokers.MethodRunner.runInSequence(MethodRunner.java:50)
at org.testng.internal.invokers.TestInvoker$MethodInvocationAgent.invoke(TestInvoker.java:969)
at org.testng.internal.invokers.TestInvoker.invokeTestMethods(TestInvoker.java:194)
at org.testng.internal.invokers.TestMethodWorker.invokeTestMethods(TestMethodWorker.java:148)
at org.testng.internal.invokers.TestMethodWorker.run(TestMethodWorker.java:128)
at java.base/java.util.ArrayList.forEach(ArrayList.java:1597)
at org.testng.TestRunner.privateRun(TestRunner.java:829)
at org.testng.TestRunner.run(TestRunner.java:602)
at org.testng.SuiteRunner.runTest(SuiteRunner.java:437)
at org.testng.SuiteRunner.runSequentially(SuiteRunner.java:431)
at org.testng.SuiteRunner.privateRun(SuiteRunner.java:391)
at org.testng.SuiteRunner.run(SuiteRunner.java:330)
at org.testng.SuiteRunnerWorker.runSuite(SuiteRunnerWorker.java:52)
at org.testng.SuiteRunnerWorker.run(SuiteRunnerWorker.java:95)
at org.testng.TestNG.runSuitesSequentially(TestNG.java:1256)
at org.testng.TestNG.runSuitesLocally(TestNG.java:1176)
at org.testng.TestNG.runSuites(TestNG.java:1099)
at org.testng.TestNG.run(TestNG.java:1067)
at org.testng.remote.AbstractRemoteTestNG.run(AbstractRemoteTestNG.java:115)
at org.testng.remote.RemoteTestNG.initAndRun(RemoteTestNG.java:293)
at org.testng.remote.RemoteTestNG.main(RemoteTestNG.java:91)
]]>
    </error>
  </testcase> <!-- ExistingLicenseViewIcon -->
  <system-out/>
  <testcase classname="testCases.RCPTestCase" name="ExistingLicenseDownload" time="53.156"/>
  <system-out/>
</testsuite> <!-- testCases.RCPTestCase -->
