<?xml version="1.0" encoding="UTF-8"?>
<!-- Generated by org.testng.reporters.JUnitReportReporter -->
<testsuite hostname="TRPL-PUN-0268" failures="0" tests="34" name="testCases.All_Performer_TestCases" time="4229.486" errors="1" timestamp="2025-07-07T23:48:54 IST" skipped="0">
  <testcase classname="testCases.All_Performer_TestCases" name="CompanyLogo" time="43.941"/>
  <system-out/>
  <testcase classname="testCases.All_Performer_TestCases" name="Logout" time="61.114"/>
  <system-out/>
  <testcase classname="testCases.All_Performer_TestCases" name="ChangePass" time="51.406"/>
  <system-out/>
  <testcase classname="testCases.All_Performer_TestCases" name="EntitiesSearch" time="34.027"/>
  <system-out/>
  <testcase classname="testCases.All_Performer_TestCases" name="EntityExcelDownload" time="102.176"/>
  <system-out/>
  <testcase classname="testCases.All_Performer_TestCases" name="PortalLogin" time="59.031"/>
  <system-out/>
  <testcase classname="testCases.All_Performer_TestCases" name="ComplianceBox" time="288.619"/>
  <system-out/>
  <testcase classname="testCases.All_Performer_TestCases" name="ComplianceFilter1" time="96.175"/>
  <system-out/>
  <testcase classname="testCases.All_Performer_TestCases" name="UpcomingBox" time="207.709"/>
  <system-out/>
  <testcase classname="testCases.All_Performer_TestCases" name="UpcomingFilter" time="126.376"/>
  <system-out/>
  <testcase classname="testCases.All_Performer_TestCases" name="OverdueBox" time="199.299"/>
  <system-out/>
  <testcase classname="testCases.All_Performer_TestCases" name="OverdueFilter" time="124.678"/>
  <system-out/>
  <testcase classname="testCases.All_Performer_TestCases" name="PendingActionBox" time="150.443">
    <error message="element click intercepted: Element &lt;span class=&quot;k-input-value-text&quot;&gt;...&lt;/span&gt; is not clickable at point (749, 206). Other element would receive the click: &lt;div _ngcontent-ng-c3099927009=&quot;&quot; style=&quot;display: flex; justify-content: space-between;&quot; class=&quot;ng-tns-c1063677181-3 ng-star-inserted&quot;&gt;...&lt;/div&gt;
  (Session info: chrome=138.0.7204.51)
Build info: version: &#039;3.141.0&#039;, revision: &#039;2ecb7d9a&#039;, time: &#039;2018-10-31T20:09:30&#039;
System info: host: &#039;TRPL-PUN-0268&#039;, ip: &#039;192.168.1.6&#039;, os.name: &#039;Windows 11&#039;, os.arch: &#039;amd64&#039;, os.version: &#039;10.0&#039;, java.version: &#039;23.0.1&#039;
Driver info: org.openqa.selenium.chrome.ChromeDriver
Capabilities {acceptInsecureCerts: false, browserName: chrome, browserVersion: 138.0.7204.51, chrome: {chromedriverVersion: 138.0.7204.92 (f079b9bc781e..., userDataDir: C:\Users\bilali\AppData\Loc...}, fedcm:accounts: true, goog:chromeOptions: {debuggerAddress: localhost:50575}, javascriptEnabled: true, networkConnectionEnabled: false, pageLoadStrategy: normal, platform: WINDOWS, platformName: WINDOWS, proxy: Proxy(), setWindowRect: true, strictFileInteractability: false, timeouts: {implicit: 0, pageLoad: 300000, script: 30000}, unhandledPromptBehavior: dismiss and notify, webauthn:extension:credBlob: true, webauthn:extension:largeBlob: true, webauthn:extension:minPinLength: true, webauthn:extension:prf: true, webauthn:virtualAuthenticators: true}
Session ID: eda8100e5518c9c0e83f8e8d9dfd26d5" type="org.openqa.selenium.ElementClickInterceptedException">
      <![CDATA[org.openqa.selenium.ElementClickInterceptedException: element click intercepted: Element <span class="k-input-value-text">...</span> is not clickable at point (749, 206). Other element would receive the click: <div _ngcontent-ng-c3099927009="" style="display: flex; justify-content: space-between;" class="ng-tns-c1063677181-3 ng-star-inserted">...</div>
  (Session info: chrome=138.0.7204.51)
Build info: version: '3.141.0', revision: '2ecb7d9a', time: '2018-10-31T20:09:30'
System info: host: 'TRPL-PUN-0268', ip: '192.168.1.6', os.name: 'Windows 11', os.arch: 'amd64', os.version: '10.0', java.version: '23.0.1'
Driver info: org.openqa.selenium.chrome.ChromeDriver
Capabilities {acceptInsecureCerts: false, browserName: chrome, browserVersion: 138.0.7204.51, chrome: {chromedriverVersion: 138.0.7204.92 (f079b9bc781e..., userDataDir: C:\Users\bilali\AppData\Loc...}, fedcm:accounts: true, goog:chromeOptions: {debuggerAddress: localhost:50575}, javascriptEnabled: true, networkConnectionEnabled: false, pageLoadStrategy: normal, platform: WINDOWS, platformName: WINDOWS, proxy: Proxy(), setWindowRect: true, strictFileInteractability: false, timeouts: {implicit: 0, pageLoad: 300000, script: 30000}, unhandledPromptBehavior: dismiss and notify, webauthn:extension:credBlob: true, webauthn:extension:largeBlob: true, webauthn:extension:minPinLength: true, webauthn:extension:prf: true, webauthn:virtualAuthenticators: true}
Session ID: eda8100e5518c9c0e83f8e8d9dfd26d5
at java.base/jdk.internal.reflect.DirectConstructorHandleAccessor.newInstance(DirectConstructorHandleAccessor.java:62)
at java.base/java.lang.reflect.Constructor.newInstanceWithCaller(Constructor.java:501)
at java.base/java.lang.reflect.Constructor.newInstance(Constructor.java:485)
at org.openqa.selenium.remote.http.W3CHttpResponseCodec.createException(W3CHttpResponseCodec.java:187)
at org.openqa.selenium.remote.http.W3CHttpResponseCodec.decode(W3CHttpResponseCodec.java:122)
at org.openqa.selenium.remote.http.W3CHttpResponseCodec.decode(W3CHttpResponseCodec.java:49)
at org.openqa.selenium.remote.HttpCommandExecutor.execute(HttpCommandExecutor.java:158)
at org.openqa.selenium.remote.service.DriverCommandExecutor.execute(DriverCommandExecutor.java:83)
at org.openqa.selenium.remote.RemoteWebDriver.execute(RemoteWebDriver.java:552)
at org.openqa.selenium.remote.RemoteWebElement.execute(RemoteWebElement.java:285)
at org.openqa.selenium.remote.RemoteWebElement.click(RemoteWebElement.java:84)
at distributor.MethodsD.PendingActionBox(MethodsD.java:1471)
at testCases.All_Performer_TestCases.PendingActionBox(All_Performer_TestCases.java:235)
at java.base/jdk.internal.reflect.DirectMethodHandleAccessor.invoke(DirectMethodHandleAccessor.java:103)
at java.base/java.lang.reflect.Method.invoke(Method.java:580)
at org.testng.internal.invokers.MethodInvocationHelper.invokeMethod(MethodInvocationHelper.java:139)
at org.testng.internal.invokers.TestInvoker.invokeMethod(TestInvoker.java:677)
at org.testng.internal.invokers.TestInvoker.invokeTestMethod(TestInvoker.java:221)
at org.testng.internal.invokers.MethodRunner.runInSequence(MethodRunner.java:50)
at org.testng.internal.invokers.TestInvoker$MethodInvocationAgent.invoke(TestInvoker.java:969)
at org.testng.internal.invokers.TestInvoker.invokeTestMethods(TestInvoker.java:194)
at org.testng.internal.invokers.TestMethodWorker.invokeTestMethods(TestMethodWorker.java:148)
at org.testng.internal.invokers.TestMethodWorker.run(TestMethodWorker.java:128)
at java.base/java.util.ArrayList.forEach(ArrayList.java:1597)
at org.testng.TestRunner.privateRun(TestRunner.java:829)
at org.testng.TestRunner.run(TestRunner.java:602)
at org.testng.SuiteRunner.runTest(SuiteRunner.java:437)
at org.testng.SuiteRunner.runSequentially(SuiteRunner.java:431)
at org.testng.SuiteRunner.privateRun(SuiteRunner.java:391)
at org.testng.SuiteRunner.run(SuiteRunner.java:330)
at org.testng.SuiteRunnerWorker.runSuite(SuiteRunnerWorker.java:52)
at org.testng.SuiteRunnerWorker.run(SuiteRunnerWorker.java:95)
at org.testng.TestNG.runSuitesSequentially(TestNG.java:1256)
at org.testng.TestNG.runSuitesLocally(TestNG.java:1176)
at org.testng.TestNG.runSuites(TestNG.java:1099)
at org.testng.TestNG.run(TestNG.java:1067)
at org.testng.remote.AbstractRemoteTestNG.run(AbstractRemoteTestNG.java:115)
at org.testng.remote.RemoteTestNG.initAndRun(RemoteTestNG.java:293)
at org.testng.remote.RemoteTestNG.main(RemoteTestNG.java:91)
]]>
    </error>
  </testcase> <!-- PendingActionBox -->
  <system-out/>
  <testcase classname="testCases.All_Performer_TestCases" name="PendingActionFilter" time="127.546"/>
  <system-out/>
  <testcase classname="testCases.All_Performer_TestCases" name="PendingReviewBox" time="174.372"/>
  <system-out/>
  <testcase classname="testCases.All_Performer_TestCases" name="PendingReviewFilter" time="98.813"/>
  <system-out/>
  <testcase classname="testCases.All_Performer_TestCases" name="RegisterUpcoming" time="207.566"/>
  <system-out/>
  <testcase classname="testCases.All_Performer_TestCases" name="RiskSummaryCompliedGraph" time="441.263"/>
  <system-out/>
  <testcase classname="testCases.All_Performer_TestCases" name="CompliedHighRiskSummaryFilter" time="136.536"/>
  <system-out/>
  <testcase classname="testCases.All_Performer_TestCases" name="CompliedMediumRiskSummaryFilter" time="158.882"/>
  <system-out/>
  <testcase classname="testCases.All_Performer_TestCases" name="CompliedLowRiskSummaryFilter" time="161.195"/>
  <system-out/>
  <testcase classname="testCases.All_Performer_TestCases" name="StateCitySearch" time="74.021"/>
  <system-out/>
  <testcase classname="testCases.All_Performer_TestCases" name="DesignationSearch" time="88.471"/>
  <system-out/>
  <testcase classname="testCases.All_Performer_TestCases" name="AddDesignation" time="54.455"/>
  <system-out/>
  <testcase classname="testCases.All_Performer_TestCases" name="DesignationExportBtn" time="171.162"/>
  <system-out/>
  <testcase classname="testCases.All_Performer_TestCases" name="DeleteDesignation" time="81.593"/>
  <system-out/>
  <testcase classname="testCases.All_Performer_TestCases" name="DesignationClearBtn" time="57.518"/>
  <system-out/>
  <testcase classname="testCases.All_Performer_TestCases" name="LeaveTypeSearch" time="94.968"/>
  <system-out/>
  <testcase classname="testCases.All_Performer_TestCases" name="PaycodeMappingSearchField" time="77.075"/>
  <system-out/>
  <testcase classname="testCases.All_Performer_TestCases" name="PaycodeMappingAddNew" time="85.925"/>
  <system-out/>
  <testcase classname="testCases.All_Performer_TestCases" name="PaycodeMappingEditUpdate" time="56.785"/>
  <system-out/>
  <testcase classname="testCases.All_Performer_TestCases" name="PaycodeMappingUpload" time="90.689"/>
  <system-out/>
  <testcase classname="testCases.All_Performer_TestCases" name="PaycodeMappingUploadInvalid" time="72.610"/>
  <system-out/>
  <testcase classname="testCases.All_Performer_TestCases" name="MastersStaturyDoc" time="173.047"/>
  <system-out/>
</testsuite> <!-- testCases.All_Performer_TestCases -->
